â•”â•â•â•â•â•â•â•â•â•â•â•â•â•â•â•â•â•â•â•â•â•â•â•â•â•â•â•â•â•â•â•â•â•â•â•â•â•â•â•â•â•â•â•â•â•â•â•â•â•â•â•â•â•â•â•â•â•â•â•â•â•â•â•â•â•â•â•â•â•â•â•â•â•â•â•â•â•â•â•â•â•â•â•â•â•â•â•â•â•â•â•â•â•â•â•â•â•â•â•—
â•‘                                                                                                  â•‘â•‘                               PERFORMANCE OPTIMIZATION LOG: numpy                                â•‘â•‘                                                                                                  â•‘â•šâ•â•â•â•â•â•â•â•â•â•â•â•â•â•â•â•â•â•â•â•â•â•â•â•â•â•â•â•â•â•â•â•â•â•â•â•â•â•â•â•â•â•â•â•â•â•â•â•â•â•â•â•â•â•â•â•â•â•â•â•â•â•â•â•â•â•â•â•â•â•â•â•â•â•â•â•â•â•â•â•â•â•â•â•â•â•â•â•â•â•â•â•â•â•â•â•â•â•â•




====================================================================================================
RUN INFORMATION====================================================================================================
Start Time:        2026-01-29 16:56:41
Repository:        numpy
Log File:          logs/numpy_run_002.txt


Command Line Arguments:
  --repo                 ./venv/lib/python3.12/site-packages/numpy
  --baseline_workload    baseline_workload/stress_test.py
  --correctness_tests    correctness_tests
  --iterations           3
  --code_retries         3
  --workload_retries     3
  --model                gpt-4o



====================================================================================================
BASELINE CONFIGURATION====================================================================================================

ğŸ“Š BASELINE STRESS TEST WORKLOAD
File: baseline_workload/stress_test.py

Code:
import timeit
import statistics

import numpy as np

b = np.random.random((5, 2))
t = np.random.random((5, 5, 2))
p = np.random.random((2, 5))

def workload():
    out = np.einsum('ij,ixy,ji->xy', b, t, p)

runtimes = timeit.repeat(workload, number=10, repeat=1000)

# Print runtime mean and std deviation.
print("Mean:", statistics.mean(runtimes))
print("Std Dev:", statistics.stdev(runtimes))




âœ… CORRECTNESS TEST CONFIGURATION
Directory: correctness_tests



====================================================================================================
BASELINE PERFORMANCE RESULTS====================================================================================================

â±ï¸  PERFORMANCE METRICS
  Execution Time:    0.359804s  (warmup excluded)
  P50 Latency:       0.163404s
  P99 Latency:       2.265553s
  Memory Usage:      15.33 MB
  CPU Usage:         514.4%
  Success Rate:      100.00%



âœ… CORRECTNESS RESULTS
  Status:            âœ… PASS
  Details:           1.000000




====================================================================================================
ITERATION 1/3====================================================================================================

Started: 2026-01-29 16:56:45


â”€â”€â”€â”€â”€â”€â”€â”€â”€â”€â”€â”€â”€â”€â”€â”€â”€â”€â”€â”€â”€â”€â”€â”€â”€â”€â”€â”€â”€â”€â”€â”€â”€â”€â”€â”€â”€â”€â”€â”€â”€â”€â”€â”€â”€â”€â”€â”€â”€â”€â”€â”€â”€â”€â”€â”€â”€â”€â”€â”€â”€â”€â”€â”€â”€â”€â”€â”€â”€â”€â”€â”€â”€â”€â”€â”€â”€â”€â”€â”€â”€â”€â”€â”€â”€â”€â”€â”€â”€â”€â”€â”€â”€â”€â”€â”€â”€â”€â”€â”€
Profiling Results - Iteration 1, Attempt 1â”€â”€â”€â”€â”€â”€â”€â”€â”€â”€â”€â”€â”€â”€â”€â”€â”€â”€â”€â”€â”€â”€â”€â”€â”€â”€â”€â”€â”€â”€â”€â”€â”€â”€â”€â”€â”€â”€â”€â”€â”€â”€â”€â”€â”€â”€â”€â”€â”€â”€â”€â”€â”€â”€â”€â”€â”€â”€â”€â”€â”€â”€â”€â”€â”€â”€â”€â”€â”€â”€â”€â”€â”€â”€â”€â”€â”€â”€â”€â”€â”€â”€â”€â”€â”€â”€â”€â”€â”€â”€â”€â”€â”€â”€â”€â”€â”€â”€â”€â”€
=== PROFILING ERRORS ===
â€¢ FUNCTION: cProfile failed (code 1): Traceback (most recent call last):
  File "<frozen runpy>", line 198, in _run_module_as_main
  File "<frozen runpy>", line 88, in _run_code
  File "/opt/homebrew/Cellar/python@3.12/3.12.6/Frameworks/Python.framework/Versions/3.12/lib/python3.12/cProfile.py", line 195, in <module>
    main()
  File "/opt/homebrew/Cellar/python@3.12/3.12.6/Frameworks/Python.framework/Versions/3.12/lib/python3.12/cProfile.py", line 136, in main
    import pstats
  File "/opt/homebrew/Cellar/python@3.12/3.12.6/Frameworks/Python.framework/Versions/3.12/lib/python3.12/pstats.py", line 32, in <module>
    from typing import Dict
  File "/Users/jackluo/Documents/workspace/agent_performance_optimization/agentic_optimization/venv/lib/python3.12/site-packages/numpy/typing/__init__.py", line 192, in <module>
    from numpy._typing import ArrayLike, DTypeLike, NBitBase, NDArray
  File "/Users/jackluo/Documents/workspace/agent_performance_optimization/agentic_optimization/venv/lib/python3.12/site-packages/numpy/__init__.py", line 457, in <module>
    from . import lib, matrixlib as _mat
  File "/Users/jackluo/Documents/workspace/agent_performance_optimization/agentic_optimization/venv/lib/python3.12/site-packages/numpy/lib/__init__.py", line 18, in <module>
    from . import (
  File "/Users/jackluo/Documents/workspace/agent_performance_optimization/agentic_optimization/venv/lib/python3.12/site-packages/numpy/lib/_arraypad_impl.py", line 10, in <module>
    from numpy.lib._index_tricks_impl import ndindex
  File "/Users/jackluo/Documents/workspace/agent_performance_optimization/agentic_optimization/venv/lib/python3.12/site-packages/numpy/lib/_index_tricks_impl.py", line 8, in <module>
    import numpy.matrixlib as matrixlib
  File "/Users/jackluo/Documents/workspace/agent_performance_optimization/agentic_optimization/venv/lib/python3.12/site-packages/numpy/matrixlib/__init__.py", line 4, in <module>
    from . import defmatrix
  File "/Users/jackluo/Documents/workspace/agent_performance_optimization/agentic_optimization/venv/lib/python3.12/site-packages/numpy/matrixlib/defmatrix.py", line 13, in <module>
    from numpy.linalg import matrix_power
  File "/Users/jackluo/Documents/workspace/agent_performance_optimization/agentic_optimization/venv/lib/python3.12/site-packages/numpy/linalg/__init__.py", line 87, in <module>
    from . import _linalg
  File "/Users/jackluo/Documents/workspace/agent_performance_optimization/agentic_optimization/venv/lib/python3.12/site-packages/numpy/linalg/_linalg.py", line 22, in <module>
    from typing import Any, NamedTuple
ImportError: cannot import name 'Any' from partially initialized module 'typing' (most likely due to a circular import) (/Users/jackluo/Documents/workspace/agent_performance_optimization/agentic_optimization/venv/lib/python3.12/site-packages/numpy/typing/__init__.py)


=== FUNCTION PROFILING ===
âŒ No data available

=== MEMORY ===
Peak: 9.1 MB
Top allocations:
  1. 0.3 MB - inspect.py:909
  2. 0.1 MB - functools.py:52
  3. 0.1 MB - functools.py:56

=== COVERAGE ===
Overall: 100.0%
Files executed: 1

=== OPTIMIZATION PRIORITY ===
âš ï¸  Limited profiling data - analyze workload code directly


â”€â”€â”€â”€â”€â”€â”€â”€â”€â”€â”€â”€â”€â”€â”€â”€â”€â”€â”€â”€â”€â”€â”€â”€â”€â”€â”€â”€â”€â”€â”€â”€â”€â”€â”€â”€â”€â”€â”€â”€â”€â”€â”€â”€â”€â”€â”€â”€â”€â”€â”€â”€â”€â”€â”€â”€â”€â”€â”€â”€â”€â”€â”€â”€â”€â”€â”€â”€â”€â”€â”€â”€â”€â”€â”€â”€â”€â”€â”€â”€â”€â”€â”€â”€â”€â”€â”€â”€â”€â”€â”€â”€â”€â”€â”€â”€â”€â”€â”€â”€
Patch Test Results - Iteration 1, Attempt 1â”€â”€â”€â”€â”€â”€â”€â”€â”€â”€â”€â”€â”€â”€â”€â”€â”€â”€â”€â”€â”€â”€â”€â”€â”€â”€â”€â”€â”€â”€â”€â”€â”€â”€â”€â”€â”€â”€â”€â”€â”€â”€â”€â”€â”€â”€â”€â”€â”€â”€â”€â”€â”€â”€â”€â”€â”€â”€â”€â”€â”€â”€â”€â”€â”€â”€â”€â”€â”€â”€â”€â”€â”€â”€â”€â”€â”€â”€â”€â”€â”€â”€â”€â”€â”€â”€â”€â”€â”€â”€â”€â”€â”€â”€â”€â”€â”€â”€â”€â”€

ğŸ¯ BASELINE WORKLOAD PERFORMANCE:
  Original Time:     0.359804s
  Optimized Time:    0.144150s
  Improvement:       +59.94%  âœ…
  Memory (before):   15.33 MB
  Memory (after):    13.06 MB
  Success Rate:      100.00%



ğŸ§ª CURRENT WORKLOAD PERFORMANCE:
  Original Time:     0.359804s
  Optimized Time:    0.132718s
  Improvement:       +63.11%  âœ…
  Memory (before):   15.33 MB
  Memory (after):    10.56 MB
  Success Rate:      100.00%



âœ… CORRECTNESS VERIFICATION:
  Baseline Status:   âœ… PASS
  Optimized Status:  âœ… PASS
  Match:             âœ… YES
  Details:           1.000000




ğŸ“Š OVERALL VERDICT:
  âœ… PATCH ACCEPTED - All criteria met!


â”€â”€â”€â”€â”€â”€â”€â”€â”€â”€â”€â”€â”€â”€â”€â”€â”€â”€â”€â”€â”€â”€â”€â”€â”€â”€â”€â”€â”€â”€â”€â”€â”€â”€â”€â”€â”€â”€â”€â”€â”€â”€â”€â”€â”€â”€â”€â”€â”€â”€â”€â”€â”€â”€â”€â”€â”€â”€â”€â”€â”€â”€â”€â”€â”€â”€â”€â”€â”€â”€â”€â”€â”€â”€â”€â”€â”€â”€â”€â”€â”€â”€â”€â”€â”€â”€â”€â”€â”€â”€â”€â”€â”€â”€â”€â”€â”€â”€â”€â”€
Iteration 1 Summaryâ”€â”€â”€â”€â”€â”€â”€â”€â”€â”€â”€â”€â”€â”€â”€â”€â”€â”€â”€â”€â”€â”€â”€â”€â”€â”€â”€â”€â”€â”€â”€â”€â”€â”€â”€â”€â”€â”€â”€â”€â”€â”€â”€â”€â”€â”€â”€â”€â”€â”€â”€â”€â”€â”€â”€â”€â”€â”€â”€â”€â”€â”€â”€â”€â”€â”€â”€â”€â”€â”€â”€â”€â”€â”€â”€â”€â”€â”€â”€â”€â”€â”€â”€â”€â”€â”€â”€â”€â”€â”€â”€â”€â”€â”€â”€â”€â”€â”€â”€â”€

ğŸ“Š ITERATION RESULTS:
  Code Optimization:     âœ… SUCCESS
  Workload Evolution:    âŒ FAILED
  Baseline Improvement:  +59.94%
  Completed:             2026-01-29 16:58:36



====================================================================================================
ITERATION 2/3====================================================================================================

Started: 2026-01-29 16:58:37


â”€â”€â”€â”€â”€â”€â”€â”€â”€â”€â”€â”€â”€â”€â”€â”€â”€â”€â”€â”€â”€â”€â”€â”€â”€â”€â”€â”€â”€â”€â”€â”€â”€â”€â”€â”€â”€â”€â”€â”€â”€â”€â”€â”€â”€â”€â”€â”€â”€â”€â”€â”€â”€â”€â”€â”€â”€â”€â”€â”€â”€â”€â”€â”€â”€â”€â”€â”€â”€â”€â”€â”€â”€â”€â”€â”€â”€â”€â”€â”€â”€â”€â”€â”€â”€â”€â”€â”€â”€â”€â”€â”€â”€â”€â”€â”€â”€â”€â”€â”€
Profiling Results - Iteration 2, Attempt 1â”€â”€â”€â”€â”€â”€â”€â”€â”€â”€â”€â”€â”€â”€â”€â”€â”€â”€â”€â”€â”€â”€â”€â”€â”€â”€â”€â”€â”€â”€â”€â”€â”€â”€â”€â”€â”€â”€â”€â”€â”€â”€â”€â”€â”€â”€â”€â”€â”€â”€â”€â”€â”€â”€â”€â”€â”€â”€â”€â”€â”€â”€â”€â”€â”€â”€â”€â”€â”€â”€â”€â”€â”€â”€â”€â”€â”€â”€â”€â”€â”€â”€â”€â”€â”€â”€â”€â”€â”€â”€â”€â”€â”€â”€â”€â”€â”€â”€â”€â”€
=== PROFILING ERRORS ===
â€¢ FUNCTION: cProfile failed (code 1): Traceback (most recent call last):
  File "<frozen runpy>", line 198, in _run_module_as_main
  File "<frozen runpy>", line 88, in _run_code
  File "/opt/homebrew/Cellar/python@3.12/3.12.6/Frameworks/Python.framework/Versions/3.12/lib/python3.12/cProfile.py", line 195, in <module>
    main()
  File "/opt/homebrew/Cellar/python@3.12/3.12.6/Frameworks/Python.framework/Versions/3.12/lib/python3.12/cProfile.py", line 136, in main
    import pstats
  File "/opt/homebrew/Cellar/python@3.12/3.12.6/Frameworks/Python.framework/Versions/3.12/lib/python3.12/pstats.py", line 32, in <module>
    from typing import Dict
  File "/Users/jackluo/Documents/workspace/agent_performance_optimization/agentic_optimization/venv/lib/python3.12/site-packages/numpy/typing/__init__.py", line 192, in <module>
    from numpy._typing import ArrayLike, DTypeLike, NBitBase, NDArray
  File "/Users/jackluo/Documents/workspace/agent_performance_optimization/agentic_optimization/venv/lib/python3.12/site-packages/numpy/__init__.py", line 457, in <module>
    from . import lib, matrixlib as _mat
  File "/Users/jackluo/Documents/workspace/agent_performance_optimization/agentic_optimization/venv/lib/python3.12/site-packages/numpy/lib/__init__.py", line 18, in <module>
    from . import (
  File "/Users/jackluo/Documents/workspace/agent_performance_optimization/agentic_optimization/venv/lib/python3.12/site-packages/numpy/lib/_arraypad_impl.py", line 10, in <module>
    from numpy.lib._index_tricks_impl import ndindex
  File "/Users/jackluo/Documents/workspace/agent_performance_optimization/agentic_optimization/venv/lib/python3.12/site-packages/numpy/lib/_index_tricks_impl.py", line 8, in <module>
    import numpy.matrixlib as matrixlib
  File "/Users/jackluo/Documents/workspace/agent_performance_optimization/agentic_optimization/venv/lib/python3.12/site-packages/numpy/matrixlib/__init__.py", line 4, in <module>
    from . import defmatrix
  File "/Users/jackluo/Documents/workspace/agent_performance_optimization/agentic_optimization/venv/lib/python3.12/site-packages/numpy/matrixlib/defmatrix.py", line 13, in <module>
    from numpy.linalg import matrix_power
  File "/Users/jackluo/Documents/workspace/agent_performance_optimization/agentic_optimization/venv/lib/python3.12/site-packages/numpy/linalg/__init__.py", line 87, in <module>
    from . import _linalg
  File "/Users/jackluo/Documents/workspace/agent_performance_optimization/agentic_optimization/venv/lib/python3.12/site-packages/numpy/linalg/_linalg.py", line 22, in <module>
    from typing import Any, NamedTuple
ImportError: cannot import name 'Any' from partially initialized module 'typing' (most likely due to a circular import) (/Users/jackluo/Documents/workspace/agent_performance_optimization/agentic_optimization/venv/lib/python3.12/site-packages/numpy/typing/__init__.py)


=== FUNCTION PROFILING ===
âŒ No data available

=== MEMORY ===
Peak: 9.1 MB
Top allocations:
  1. 0.3 MB - inspect.py:909
  2. 0.1 MB - functools.py:52
  3. 0.1 MB - functools.py:56

=== COVERAGE ===
Overall: 100.0%
Files executed: 1

=== OPTIMIZATION PRIORITY ===
âš ï¸  Limited profiling data - analyze workload code directly


â”€â”€â”€â”€â”€â”€â”€â”€â”€â”€â”€â”€â”€â”€â”€â”€â”€â”€â”€â”€â”€â”€â”€â”€â”€â”€â”€â”€â”€â”€â”€â”€â”€â”€â”€â”€â”€â”€â”€â”€â”€â”€â”€â”€â”€â”€â”€â”€â”€â”€â”€â”€â”€â”€â”€â”€â”€â”€â”€â”€â”€â”€â”€â”€â”€â”€â”€â”€â”€â”€â”€â”€â”€â”€â”€â”€â”€â”€â”€â”€â”€â”€â”€â”€â”€â”€â”€â”€â”€â”€â”€â”€â”€â”€â”€â”€â”€â”€â”€â”€
Profiling Results - Iteration 2, Attempt 2â”€â”€â”€â”€â”€â”€â”€â”€â”€â”€â”€â”€â”€â”€â”€â”€â”€â”€â”€â”€â”€â”€â”€â”€â”€â”€â”€â”€â”€â”€â”€â”€â”€â”€â”€â”€â”€â”€â”€â”€â”€â”€â”€â”€â”€â”€â”€â”€â”€â”€â”€â”€â”€â”€â”€â”€â”€â”€â”€â”€â”€â”€â”€â”€â”€â”€â”€â”€â”€â”€â”€â”€â”€â”€â”€â”€â”€â”€â”€â”€â”€â”€â”€â”€â”€â”€â”€â”€â”€â”€â”€â”€â”€â”€â”€â”€â”€â”€â”€â”€
=== PROFILING ERRORS ===
â€¢ FUNCTION: [Errno 2] No such file or directory: PosixPath('venv/lib/python3.12/site-packages/numpy')
â€¢ MEMORY: [Errno 2] No such file or directory: PosixPath('venv/lib/python3.12/site-packages/numpy')

=== FUNCTION PROFILING ===
âŒ No data available

=== MEMORY ===
âŒ No data available

=== COVERAGE ===
âŒ No data available

=== OPTIMIZATION PRIORITY ===
âš ï¸  Limited profiling data - analyze workload code directly
