â•”â•â•â•â•â•â•â•â•â•â•â•â•â•â•â•â•â•â•â•â•â•â•â•â•â•â•â•â•â•â•â•â•â•â•â•â•â•â•â•â•â•â•â•â•â•â•â•â•â•â•â•â•â•â•â•â•â•â•â•â•â•â•â•â•â•â•â•â•â•â•â•â•â•â•â•â•â•â•â•â•â•â•â•â•â•â•â•â•â•â•â•â•â•â•â•â•â•â•â•—
â•‘                                                                                                  â•‘â•‘                               PERFORMANCE OPTIMIZATION LOG: pandas                               â•‘â•‘                                                                                                  â•‘â•šâ•â•â•â•â•â•â•â•â•â•â•â•â•â•â•â•â•â•â•â•â•â•â•â•â•â•â•â•â•â•â•â•â•â•â•â•â•â•â•â•â•â•â•â•â•â•â•â•â•â•â•â•â•â•â•â•â•â•â•â•â•â•â•â•â•â•â•â•â•â•â•â•â•â•â•â•â•â•â•â•â•â•â•â•â•â•â•â•â•â•â•â•â•â•â•â•â•â•â•




====================================================================================================
RUN INFORMATION====================================================================================================
Start Time:        2026-01-29 08:35:44
Repository:        pandas
Log File:          logs/pandas_run_001.txt


Command Line Arguments:
  --repo                 ./venv/lib/python3.12/site-packages/pandas
  --baseline_workload    baseline_workload/stress_test.py
  --correctness_tests    correctness_tests
  --iterations           3
  --code_retries         3
  --workload_retries     3
  --model                gpt-4o



====================================================================================================
BASELINE CONFIGURATION====================================================================================================

ğŸ“Š BASELINE STRESS TEST WORKLOAD
File: baseline_workload/stress_test.py

Code:
import pandas as pd
import numpy as np
import timeit
import statistics

def setup():
    global arr1, arr2
    
    N = 10_000_000
    
    base = pd.date_range("2000-01-01", periods=N, freq="s")
    arr1 = base._data  # DatetimeArray
    arr2 = pd.date_range("2000-01-01 00:00:01", periods=N, freq="s")._data

def workload():
    global arr1, arr2
    arr1 < arr2

runtimes = timeit.repeat(workload, number=10, repeat=25, setup=setup)
print("Mean:", statistics.mean(runtimes))
print("Std Dev:", statistics.stdev(runtimes))



âœ… CORRECTNESS TEST CONFIGURATION
Directory: correctness_tests



====================================================================================================
BASELINE PERFORMANCE RESULTS====================================================================================================

â±ï¸  PERFORMANCE METRICS
  Execution Time:    3.666552s  (warmup excluded)
  P50 Latency:       2.649958s
  P99 Latency:       12.847010s
  Memory Usage:      347.01 MB
  CPU Usage:         154.4%
  Success Rate:      100.00%



âœ… CORRECTNESS RESULTS
  Status:            âœ… PASS
  Details:           1.000000




====================================================================================================
ITERATION 1/3====================================================================================================

Started: 2026-01-29 08:36:22


â”€â”€â”€â”€â”€â”€â”€â”€â”€â”€â”€â”€â”€â”€â”€â”€â”€â”€â”€â”€â”€â”€â”€â”€â”€â”€â”€â”€â”€â”€â”€â”€â”€â”€â”€â”€â”€â”€â”€â”€â”€â”€â”€â”€â”€â”€â”€â”€â”€â”€â”€â”€â”€â”€â”€â”€â”€â”€â”€â”€â”€â”€â”€â”€â”€â”€â”€â”€â”€â”€â”€â”€â”€â”€â”€â”€â”€â”€â”€â”€â”€â”€â”€â”€â”€â”€â”€â”€â”€â”€â”€â”€â”€â”€â”€â”€â”€â”€â”€â”€
Profiling Results - Iteration 1, Attempt 1â”€â”€â”€â”€â”€â”€â”€â”€â”€â”€â”€â”€â”€â”€â”€â”€â”€â”€â”€â”€â”€â”€â”€â”€â”€â”€â”€â”€â”€â”€â”€â”€â”€â”€â”€â”€â”€â”€â”€â”€â”€â”€â”€â”€â”€â”€â”€â”€â”€â”€â”€â”€â”€â”€â”€â”€â”€â”€â”€â”€â”€â”€â”€â”€â”€â”€â”€â”€â”€â”€â”€â”€â”€â”€â”€â”€â”€â”€â”€â”€â”€â”€â”€â”€â”€â”€â”€â”€â”€â”€â”€â”€â”€â”€â”€â”€â”€â”€â”€â”€
=== TOP BOTTLENECKS (>5% time) ===
1. <built-in method builtins.exec> - 2.67s (100.2%) [451 calls]
   ğŸ“ ~
2. <module> - 2.67s (100.2%) [1 calls]
   ğŸ“ /var/folders/k6/yxhzngcs7zj28ryrhjl6fp9h0000gn/T/profiler_q2x__oxb/cycle1_attempt1.py
3. repeat - 2.31s (86.7%) [1 calls]
   ğŸ“ /opt/homebrew/Cellar/python@3.12/3.12.6/Frameworks/Python.framework/Versions/3.12/lib/python3.12/timeit.py
4. repeat - 2.31s (86.7%) [1 calls]
   ğŸ“ /opt/homebrew/Cellar/python@3.12/3.12.6/Frameworks/Python.framework/Versions/3.12/lib/python3.12/timeit.py
5. timeit - 2.31s (86.7%) [25 calls]
   ğŸ“ /opt/homebrew/Cellar/python@3.12/3.12.6/Frameworks/Python.framework/Versions/3.12/lib/python3.12/timeit.py
6. inner - 2.31s (86.7%) [25 calls]
   ğŸ“ <timeit-src>
7. workload - 1.98s (74.3%) [250 calls]
   ğŸ“ /var/folders/k6/yxhzngcs7zj28ryrhjl6fp9h0000gn/T/profiler_q2x__oxb/cycle1_attempt1.py
8. <built-in method _operator.lt> - 0.88s (33.0%) [250 calls]
   ğŸ“ ~
9. _find_and_load - 0.36s (13.5%) [543 calls]
   ğŸ“ <frozen importlib._bootstrap>
10. _find_and_load_unlocked - 0.36s (13.5%) [543 calls]
   ğŸ“ <frozen importlib._bootstrap>

=== MEMORY ===
Peak: 277.0 MB
Top allocations:
  1. 0.3 MB - inspect.py:909
  2. 0.1 MB - inspect.py:3070

=== COVERAGE ===
Overall: 106012.0%
Files executed: 4184

=== OPTIMIZATION PRIORITY ===
ğŸ¯ FOCUS HERE: 17 functions consume 758% of runtime
   Start with: <built-in method builtins.exec> (100%)


â”€â”€â”€â”€â”€â”€â”€â”€â”€â”€â”€â”€â”€â”€â”€â”€â”€â”€â”€â”€â”€â”€â”€â”€â”€â”€â”€â”€â”€â”€â”€â”€â”€â”€â”€â”€â”€â”€â”€â”€â”€â”€â”€â”€â”€â”€â”€â”€â”€â”€â”€â”€â”€â”€â”€â”€â”€â”€â”€â”€â”€â”€â”€â”€â”€â”€â”€â”€â”€â”€â”€â”€â”€â”€â”€â”€â”€â”€â”€â”€â”€â”€â”€â”€â”€â”€â”€â”€â”€â”€â”€â”€â”€â”€â”€â”€â”€â”€â”€â”€
Patch Test Results - Iteration 1, Attempt 1â”€â”€â”€â”€â”€â”€â”€â”€â”€â”€â”€â”€â”€â”€â”€â”€â”€â”€â”€â”€â”€â”€â”€â”€â”€â”€â”€â”€â”€â”€â”€â”€â”€â”€â”€â”€â”€â”€â”€â”€â”€â”€â”€â”€â”€â”€â”€â”€â”€â”€â”€â”€â”€â”€â”€â”€â”€â”€â”€â”€â”€â”€â”€â”€â”€â”€â”€â”€â”€â”€â”€â”€â”€â”€â”€â”€â”€â”€â”€â”€â”€â”€â”€â”€â”€â”€â”€â”€â”€â”€â”€â”€â”€â”€â”€â”€â”€â”€â”€â”€

ğŸ¯ BASELINE WORKLOAD PERFORMANCE:
  Original Time:     3.666552s
  Optimized Time:    2.633422s
  Improvement:       +28.18%  âœ…
  Memory (before):   347.01 MB
  Memory (after):    347.52 MB
  Success Rate:      100.00%



ğŸ§ª CURRENT WORKLOAD PERFORMANCE:
  Original Time:     3.666552s
  Optimized Time:    2.599433s
  Improvement:       +29.10%  âœ…
  Memory (before):   347.01 MB
  Memory (after):    347.29 MB
  Success Rate:      100.00%



âœ… CORRECTNESS VERIFICATION:
  Baseline Status:   âœ… PASS
  Optimized Status:  âœ… PASS
  Match:             âœ… YES
  Details:           1.000000




ğŸ“Š OVERALL VERDICT:
  âœ… PATCH ACCEPTED - All criteria met!


â”€â”€â”€â”€â”€â”€â”€â”€â”€â”€â”€â”€â”€â”€â”€â”€â”€â”€â”€â”€â”€â”€â”€â”€â”€â”€â”€â”€â”€â”€â”€â”€â”€â”€â”€â”€â”€â”€â”€â”€â”€â”€â”€â”€â”€â”€â”€â”€â”€â”€â”€â”€â”€â”€â”€â”€â”€â”€â”€â”€â”€â”€â”€â”€â”€â”€â”€â”€â”€â”€â”€â”€â”€â”€â”€â”€â”€â”€â”€â”€â”€â”€â”€â”€â”€â”€â”€â”€â”€â”€â”€â”€â”€â”€â”€â”€â”€â”€â”€â”€
Iteration 1 Summaryâ”€â”€â”€â”€â”€â”€â”€â”€â”€â”€â”€â”€â”€â”€â”€â”€â”€â”€â”€â”€â”€â”€â”€â”€â”€â”€â”€â”€â”€â”€â”€â”€â”€â”€â”€â”€â”€â”€â”€â”€â”€â”€â”€â”€â”€â”€â”€â”€â”€â”€â”€â”€â”€â”€â”€â”€â”€â”€â”€â”€â”€â”€â”€â”€â”€â”€â”€â”€â”€â”€â”€â”€â”€â”€â”€â”€â”€â”€â”€â”€â”€â”€â”€â”€â”€â”€â”€â”€â”€â”€â”€â”€â”€â”€â”€â”€â”€â”€â”€â”€

ğŸ“Š ITERATION RESULTS:
  Code Optimization:     âœ… SUCCESS
  Workload Evolution:    âŒ FAILED
  Baseline Improvement:  +28.18%
  Completed:             2026-01-29 08:43:00



====================================================================================================
ITERATION 2/3====================================================================================================

Started: 2026-01-29 08:43:01


â”€â”€â”€â”€â”€â”€â”€â”€â”€â”€â”€â”€â”€â”€â”€â”€â”€â”€â”€â”€â”€â”€â”€â”€â”€â”€â”€â”€â”€â”€â”€â”€â”€â”€â”€â”€â”€â”€â”€â”€â”€â”€â”€â”€â”€â”€â”€â”€â”€â”€â”€â”€â”€â”€â”€â”€â”€â”€â”€â”€â”€â”€â”€â”€â”€â”€â”€â”€â”€â”€â”€â”€â”€â”€â”€â”€â”€â”€â”€â”€â”€â”€â”€â”€â”€â”€â”€â”€â”€â”€â”€â”€â”€â”€â”€â”€â”€â”€â”€â”€
Profiling Results - Iteration 2, Attempt 1â”€â”€â”€â”€â”€â”€â”€â”€â”€â”€â”€â”€â”€â”€â”€â”€â”€â”€â”€â”€â”€â”€â”€â”€â”€â”€â”€â”€â”€â”€â”€â”€â”€â”€â”€â”€â”€â”€â”€â”€â”€â”€â”€â”€â”€â”€â”€â”€â”€â”€â”€â”€â”€â”€â”€â”€â”€â”€â”€â”€â”€â”€â”€â”€â”€â”€â”€â”€â”€â”€â”€â”€â”€â”€â”€â”€â”€â”€â”€â”€â”€â”€â”€â”€â”€â”€â”€â”€â”€â”€â”€â”€â”€â”€â”€â”€â”€â”€â”€â”€
=== PROFILING ERRORS ===
â€¢ COVERAGE: Coverage report failed: 

=== TOP BOTTLENECKS (>5% time) ===
1. <built-in method builtins.exec> - 2.60s (100.2%) [451 calls]
   ğŸ“ ~
2. <module> - 2.60s (100.2%) [1 calls]
   ğŸ“ /var/folders/k6/yxhzngcs7zj28ryrhjl6fp9h0000gn/T/profiler_q2x__oxb/cycle2_attempt1.py
3. repeat - 2.27s (87.3%) [1 calls]
   ğŸ“ /opt/homebrew/Cellar/python@3.12/3.12.6/Frameworks/Python.framework/Versions/3.12/lib/python3.12/timeit.py
4. repeat - 2.27s (87.3%) [1 calls]
   ğŸ“ /opt/homebrew/Cellar/python@3.12/3.12.6/Frameworks/Python.framework/Versions/3.12/lib/python3.12/timeit.py
5. timeit - 2.26s (87.3%) [25 calls]
   ğŸ“ /opt/homebrew/Cellar/python@3.12/3.12.6/Frameworks/Python.framework/Versions/3.12/lib/python3.12/timeit.py
6. inner - 2.26s (87.3%) [25 calls]
   ğŸ“ <timeit-src>
7. workload - 1.94s (74.9%) [250 calls]
   ğŸ“ /var/folders/k6/yxhzngcs7zj28ryrhjl6fp9h0000gn/T/profiler_q2x__oxb/cycle2_attempt1.py
8. <built-in method _operator.lt> - 0.86s (33.1%) [250 calls]
   ğŸ“ ~
9. _find_and_load - 0.33s (12.9%) [543 calls]
   ğŸ“ <frozen importlib._bootstrap>
10. _find_and_load_unlocked - 0.33s (12.9%) [543 calls]
   ğŸ“ <frozen importlib._bootstrap>

=== MEMORY ===
Peak: 277.0 MB
Top allocations:
  1. 0.3 MB - inspect.py:909
  2. 0.1 MB - inspect.py:3070

=== COVERAGE ===
âŒ No data available

=== OPTIMIZATION PRIORITY ===
ğŸ¯ FOCUS HERE: 17 functions consume 757% of runtime
   Start with: <built-in method builtins.exec> (100%)


â”€â”€â”€â”€â”€â”€â”€â”€â”€â”€â”€â”€â”€â”€â”€â”€â”€â”€â”€â”€â”€â”€â”€â”€â”€â”€â”€â”€â”€â”€â”€â”€â”€â”€â”€â”€â”€â”€â”€â”€â”€â”€â”€â”€â”€â”€â”€â”€â”€â”€â”€â”€â”€â”€â”€â”€â”€â”€â”€â”€â”€â”€â”€â”€â”€â”€â”€â”€â”€â”€â”€â”€â”€â”€â”€â”€â”€â”€â”€â”€â”€â”€â”€â”€â”€â”€â”€â”€â”€â”€â”€â”€â”€â”€â”€â”€â”€â”€â”€â”€
Patch Outcome - Iteration 2, Attempt 1â”€â”€â”€â”€â”€â”€â”€â”€â”€â”€â”€â”€â”€â”€â”€â”€â”€â”€â”€â”€â”€â”€â”€â”€â”€â”€â”€â”€â”€â”€â”€â”€â”€â”€â”€â”€â”€â”€â”€â”€â”€â”€â”€â”€â”€â”€â”€â”€â”€â”€â”€â”€â”€â”€â”€â”€â”€â”€â”€â”€â”€â”€â”€â”€â”€â”€â”€â”€â”€â”€â”€â”€â”€â”€â”€â”€â”€â”€â”€â”€â”€â”€â”€â”€â”€â”€â”€â”€â”€â”€â”€â”€â”€â”€â”€â”€â”€â”€â”€â”€

âœ… PATCH GENERATED SUCCESSFULLY


ğŸ“ PATCH CONTENT:
--- a/core/arrays/datetimelike.py
+++ b/core/arrays/datetimelike.py
@@ -985,7 +985,7 @@
 
    def _cmp_method(self, other, op):
        if self.ndim > 1 and getattr(other, "shape", None) == self.shape:
-            return op(self.ravel(), other.ravel()).reshape(self.shape)
+            return np.vectorize(op)(self.ravel(), other.ravel()).reshape(self.shape)
 
        try:
            other = self._validate_comparison_value(other)
@@ -997,7 +997,7 @@
 
        dtype = getattr(other, "dtype", None)
        if is_object_dtype(dtype):
-            return self._cmp_method_OBJECT_ARRAY(op, other)
+            return np.vectorize(self._cmp_method_OBJECT_ARRAY)(op, other)
 
        return op(self.asi8, other.asi8)


â”€â”€â”€â”€â”€â”€â”€â”€â”€â”€â”€â”€â”€â”€â”€â”€â”€â”€â”€â”€â”€â”€â”€â”€â”€â”€â”€â”€â”€â”€â”€â”€â”€â”€â”€â”€â”€â”€â”€â”€â”€â”€â”€â”€â”€â”€â”€â”€â”€â”€â”€â”€â”€â”€â”€â”€â”€â”€â”€â”€â”€â”€â”€â”€â”€â”€â”€â”€â”€â”€â”€â”€â”€â”€â”€â”€â”€â”€â”€â”€â”€â”€â”€â”€â”€â”€â”€â”€â”€â”€â”€â”€â”€â”€â”€â”€â”€â”€â”€â”€
Patch Outcome - Iteration 2, Attempt 1â”€â”€â”€â”€â”€â”€â”€â”€â”€â”€â”€â”€â”€â”€â”€â”€â”€â”€â”€â”€â”€â”€â”€â”€â”€â”€â”€â”€â”€â”€â”€â”€â”€â”€â”€â”€â”€â”€â”€â”€â”€â”€â”€â”€â”€â”€â”€â”€â”€â”€â”€â”€â”€â”€â”€â”€â”€â”€â”€â”€â”€â”€â”€â”€â”€â”€â”€â”€â”€â”€â”€â”€â”€â”€â”€â”€â”€â”€â”€â”€â”€â”€â”€â”€â”€â”€â”€â”€â”€â”€â”€â”€â”€â”€â”€â”€â”€â”€â”€â”€

âŒ PATCH GENERATION FAILED


âš ï¸  Error Details:
  Patch application failed - likely malformed diff format


â”€â”€â”€â”€â”€â”€â”€â”€â”€â”€â”€â”€â”€â”€â”€â”€â”€â”€â”€â”€â”€â”€â”€â”€â”€â”€â”€â”€â”€â”€â”€â”€â”€â”€â”€â”€â”€â”€â”€â”€â”€â”€â”€â”€â”€â”€â”€â”€â”€â”€â”€â”€â”€â”€â”€â”€â”€â”€â”€â”€â”€â”€â”€â”€â”€â”€â”€â”€â”€â”€â”€â”€â”€â”€â”€â”€â”€â”€â”€â”€â”€â”€â”€â”€â”€â”€â”€â”€â”€â”€â”€â”€â”€â”€â”€â”€â”€â”€â”€â”€
Profiling Results - Iteration 2, Attempt 2â”€â”€â”€â”€â”€â”€â”€â”€â”€â”€â”€â”€â”€â”€â”€â”€â”€â”€â”€â”€â”€â”€â”€â”€â”€â”€â”€â”€â”€â”€â”€â”€â”€â”€â”€â”€â”€â”€â”€â”€â”€â”€â”€â”€â”€â”€â”€â”€â”€â”€â”€â”€â”€â”€â”€â”€â”€â”€â”€â”€â”€â”€â”€â”€â”€â”€â”€â”€â”€â”€â”€â”€â”€â”€â”€â”€â”€â”€â”€â”€â”€â”€â”€â”€â”€â”€â”€â”€â”€â”€â”€â”€â”€â”€â”€â”€â”€â”€â”€â”€
=== PROFILING ERRORS ===
â€¢ COVERAGE: Coverage report failed: 

=== TOP BOTTLENECKS (>5% time) ===
1. <built-in method builtins.exec> - 2.84s (100.2%) [451 calls]
   ğŸ“ ~
2. <module> - 2.84s (100.2%) [1 calls]
   ğŸ“ /var/folders/k6/yxhzngcs7zj28ryrhjl6fp9h0000gn/T/profiler_q2x__oxb/cycle2_attempt2.py
3. repeat - 2.31s (81.4%) [1 calls]
   ğŸ“ /opt/homebrew/Cellar/python@3.12/3.12.6/Frameworks/Python.framework/Versions/3.12/lib/python3.12/timeit.py
4. repeat - 2.31s (81.4%) [1 calls]
   ğŸ“ /opt/homebrew/Cellar/python@3.12/3.12.6/Frameworks/Python.framework/Versions/3.12/lib/python3.12/timeit.py
5. timeit - 2.31s (81.4%) [25 calls]
   ğŸ“ /opt/homebrew/Cellar/python@3.12/3.12.6/Frameworks/Python.framework/Versions/3.12/lib/python3.12/timeit.py
6. inner - 2.31s (81.4%) [25 calls]
   ğŸ“ <timeit-src>
7. workload - 1.98s (69.7%) [250 calls]
   ğŸ“ /var/folders/k6/yxhzngcs7zj28ryrhjl6fp9h0000gn/T/profiler_q2x__oxb/cycle2_attempt2.py
8. <built-in method _operator.lt> - 0.88s (30.9%) [250 calls]
   ğŸ“ ~
9. _find_and_load - 0.53s (18.8%) [543 calls]
   ğŸ“ <frozen importlib._bootstrap>
10. _find_and_load_unlocked - 0.53s (18.8%) [543 calls]
   ğŸ“ <frozen importlib._bootstrap>

=== MEMORY ===
Peak: 277.0 MB
Top allocations:
  1. 0.3 MB - inspect.py:909
  2. 0.1 MB - inspect.py:3070

=== COVERAGE ===
âŒ No data available

=== OPTIMIZATION PRIORITY ===
ğŸ¯ FOCUS HERE: 20 functions consume 777% of runtime
   Start with: <built-in method builtins.exec> (100%)


â”€â”€â”€â”€â”€â”€â”€â”€â”€â”€â”€â”€â”€â”€â”€â”€â”€â”€â”€â”€â”€â”€â”€â”€â”€â”€â”€â”€â”€â”€â”€â”€â”€â”€â”€â”€â”€â”€â”€â”€â”€â”€â”€â”€â”€â”€â”€â”€â”€â”€â”€â”€â”€â”€â”€â”€â”€â”€â”€â”€â”€â”€â”€â”€â”€â”€â”€â”€â”€â”€â”€â”€â”€â”€â”€â”€â”€â”€â”€â”€â”€â”€â”€â”€â”€â”€â”€â”€â”€â”€â”€â”€â”€â”€â”€â”€â”€â”€â”€â”€
Patch Outcome - Iteration 2, Attempt 2â”€â”€â”€â”€â”€â”€â”€â”€â”€â”€â”€â”€â”€â”€â”€â”€â”€â”€â”€â”€â”€â”€â”€â”€â”€â”€â”€â”€â”€â”€â”€â”€â”€â”€â”€â”€â”€â”€â”€â”€â”€â”€â”€â”€â”€â”€â”€â”€â”€â”€â”€â”€â”€â”€â”€â”€â”€â”€â”€â”€â”€â”€â”€â”€â”€â”€â”€â”€â”€â”€â”€â”€â”€â”€â”€â”€â”€â”€â”€â”€â”€â”€â”€â”€â”€â”€â”€â”€â”€â”€â”€â”€â”€â”€â”€â”€â”€â”€â”€â”€

âœ… PATCH GENERATED SUCCESSFULLY


ğŸ“ PATCH CONTENT:
--- a/core/arrays/datetimes.py
+++ b/core/arrays/datetimes.py
@@ -1190,7 +1190,7 @@
        """
        new_values = normalize_i8_timestamps(self.asi8, self.tz, reso=self._creso)
        dt64_values = new_values.view(self._ndarray.dtype)
-    
+
        dta = type(self)._simple_new(dt64_values, dtype=dt64_values.dtype)
        dta = dta._with_freq("infer")
        if self.tz is not None:
@@ -1198,6 +1198,13 @@
        return dta
 
    def _add_datelike(self, other):
+        # Optimize by using numpy's vectorized operations
+        if isinstance(other, np.ndarray):
+            result = self.asi8 + other.astype('int64')
+            return self._simple_new(result, dtype=self.dtype)
+        
+        # Fallback to original method for non-array inputs
+
        if isinstance(other, (timedelta, np.timedelta64)):
            result = self.asi8 + other.astype('timedelta64[ns]').astype('int64')
            return self._simple_new(result, dtype=self.dtype)


â”€â”€â”€â”€â”€â”€â”€â”€â”€â”€â”€â”€â”€â”€â”€â”€â”€â”€â”€â”€â”€â”€â”€â”€â”€â”€â”€â”€â”€â”€â”€â”€â”€â”€â”€â”€â”€â”€â”€â”€â”€â”€â”€â”€â”€â”€â”€â”€â”€â”€â”€â”€â”€â”€â”€â”€â”€â”€â”€â”€â”€â”€â”€â”€â”€â”€â”€â”€â”€â”€â”€â”€â”€â”€â”€â”€â”€â”€â”€â”€â”€â”€â”€â”€â”€â”€â”€â”€â”€â”€â”€â”€â”€â”€â”€â”€â”€â”€â”€â”€
Patch Outcome - Iteration 2, Attempt 2â”€â”€â”€â”€â”€â”€â”€â”€â”€â”€â”€â”€â”€â”€â”€â”€â”€â”€â”€â”€â”€â”€â”€â”€â”€â”€â”€â”€â”€â”€â”€â”€â”€â”€â”€â”€â”€â”€â”€â”€â”€â”€â”€â”€â”€â”€â”€â”€â”€â”€â”€â”€â”€â”€â”€â”€â”€â”€â”€â”€â”€â”€â”€â”€â”€â”€â”€â”€â”€â”€â”€â”€â”€â”€â”€â”€â”€â”€â”€â”€â”€â”€â”€â”€â”€â”€â”€â”€â”€â”€â”€â”€â”€â”€â”€â”€â”€â”€â”€â”€

âŒ PATCH GENERATION FAILED


âš ï¸  Error Details:
  Patch application failed - likely malformed diff format


â”€â”€â”€â”€â”€â”€â”€â”€â”€â”€â”€â”€â”€â”€â”€â”€â”€â”€â”€â”€â”€â”€â”€â”€â”€â”€â”€â”€â”€â”€â”€â”€â”€â”€â”€â”€â”€â”€â”€â”€â”€â”€â”€â”€â”€â”€â”€â”€â”€â”€â”€â”€â”€â”€â”€â”€â”€â”€â”€â”€â”€â”€â”€â”€â”€â”€â”€â”€â”€â”€â”€â”€â”€â”€â”€â”€â”€â”€â”€â”€â”€â”€â”€â”€â”€â”€â”€â”€â”€â”€â”€â”€â”€â”€â”€â”€â”€â”€â”€â”€
Profiling Results - Iteration 2, Attempt 3â”€â”€â”€â”€â”€â”€â”€â”€â”€â”€â”€â”€â”€â”€â”€â”€â”€â”€â”€â”€â”€â”€â”€â”€â”€â”€â”€â”€â”€â”€â”€â”€â”€â”€â”€â”€â”€â”€â”€â”€â”€â”€â”€â”€â”€â”€â”€â”€â”€â”€â”€â”€â”€â”€â”€â”€â”€â”€â”€â”€â”€â”€â”€â”€â”€â”€â”€â”€â”€â”€â”€â”€â”€â”€â”€â”€â”€â”€â”€â”€â”€â”€â”€â”€â”€â”€â”€â”€â”€â”€â”€â”€â”€â”€â”€â”€â”€â”€â”€â”€
=== PROFILING ERRORS ===
â€¢ COVERAGE: Coverage report failed: 

=== TOP BOTTLENECKS (>5% time) ===
1. <built-in method builtins.exec> - 2.78s (100.3%) [451 calls]
   ğŸ“ ~
2. <module> - 2.78s (100.3%) [1 calls]
   ğŸ“ /var/folders/k6/yxhzngcs7zj28ryrhjl6fp9h0000gn/T/profiler_q2x__oxb/cycle2_attempt3.py
3. repeat - 2.30s (83.1%) [1 calls]
   ğŸ“ /opt/homebrew/Cellar/python@3.12/3.12.6/Frameworks/Python.framework/Versions/3.12/lib/python3.12/timeit.py
4. repeat - 2.30s (83.1%) [1 calls]
   ğŸ“ /opt/homebrew/Cellar/python@3.12/3.12.6/Frameworks/Python.framework/Versions/3.12/lib/python3.12/timeit.py
5. timeit - 2.30s (83.1%) [25 calls]
   ğŸ“ /opt/homebrew/Cellar/python@3.12/3.12.6/Frameworks/Python.framework/Versions/3.12/lib/python3.12/timeit.py
6. inner - 2.30s (83.1%) [25 calls]
   ğŸ“ <timeit-src>
7. workload - 1.97s (71.1%) [250 calls]
   ğŸ“ /var/folders/k6/yxhzngcs7zj28ryrhjl6fp9h0000gn/T/profiler_q2x__oxb/cycle2_attempt3.py
8. <built-in method _operator.lt> - 0.88s (31.6%) [250 calls]
   ğŸ“ ~
9. _find_and_load - 0.48s (17.2%) [543 calls]
   ğŸ“ <frozen importlib._bootstrap>
10. _find_and_load_unlocked - 0.48s (17.2%) [543 calls]
   ğŸ“ <frozen importlib._bootstrap>

=== MEMORY ===
Peak: 277.0 MB
Top allocations:
  1. 0.3 MB - inspect.py:909
  2. 0.1 MB - inspect.py:3070

=== COVERAGE ===
âŒ No data available

=== OPTIMIZATION PRIORITY ===
ğŸ¯ FOCUS HERE: 20 functions consume 774% of runtime
   Start with: <built-in method builtins.exec> (100%)


â”€â”€â”€â”€â”€â”€â”€â”€â”€â”€â”€â”€â”€â”€â”€â”€â”€â”€â”€â”€â”€â”€â”€â”€â”€â”€â”€â”€â”€â”€â”€â”€â”€â”€â”€â”€â”€â”€â”€â”€â”€â”€â”€â”€â”€â”€â”€â”€â”€â”€â”€â”€â”€â”€â”€â”€â”€â”€â”€â”€â”€â”€â”€â”€â”€â”€â”€â”€â”€â”€â”€â”€â”€â”€â”€â”€â”€â”€â”€â”€â”€â”€â”€â”€â”€â”€â”€â”€â”€â”€â”€â”€â”€â”€â”€â”€â”€â”€â”€â”€
Patch Test Results - Iteration 2, Attempt 3â”€â”€â”€â”€â”€â”€â”€â”€â”€â”€â”€â”€â”€â”€â”€â”€â”€â”€â”€â”€â”€â”€â”€â”€â”€â”€â”€â”€â”€â”€â”€â”€â”€â”€â”€â”€â”€â”€â”€â”€â”€â”€â”€â”€â”€â”€â”€â”€â”€â”€â”€â”€â”€â”€â”€â”€â”€â”€â”€â”€â”€â”€â”€â”€â”€â”€â”€â”€â”€â”€â”€â”€â”€â”€â”€â”€â”€â”€â”€â”€â”€â”€â”€â”€â”€â”€â”€â”€â”€â”€â”€â”€â”€â”€â”€â”€â”€â”€â”€â”€

ğŸ¯ BASELINE WORKLOAD PERFORMANCE:
  Original Time:     3.666552s
  Optimized Time:    2.636196s
  Improvement:       +28.10%  âœ…
  Memory (before):   347.01 MB
  Memory (after):    347.33 MB
  Success Rate:      100.00%



ğŸ§ª CURRENT WORKLOAD PERFORMANCE:
  Original Time:     2.599433s
  Optimized Time:    2.764422s
  Improvement:       -6.35%  âŒ
  Memory (before):   347.29 MB
  Memory (after):    347.60 MB
  Success Rate:      100.00%



âœ… CORRECTNESS VERIFICATION:
  Baseline Status:   âœ… PASS
  Optimized Status:  âœ… PASS
  Match:             âœ… YES
  Details:           1.000000




ğŸ“Š OVERALL VERDICT:
  âŒ PATCH REJECTED - Failed criteria:
     â€¢ Current workload improvement insufficient (need >5.0%, got -6.35%)



====================================================================================================
FINAL OPTIMIZATION SUMMARY====================================================================================================

ğŸ† OPTIMIZATION ACHIEVEMENTS:
  Original Baseline Time:    3.666552s
  Final Optimized Time:      2.633422s
  TOTAL IMPROVEMENT:         +28.18%
  Memory Reduction:          -0.51 MB



ğŸ“ FINAL PATCH:
  No final patch available



ğŸ“ˆ FINAL WORKLOAD:
import pandas as pd
import numpy as np
import timeit
import statistics

def setup():
    global arr1, arr2
    
    N = 10_000_000
    
    base = pd.date_range("2000-01-01", periods=N, freq="s")
    arr1 = base._data  # DatetimeArray
    arr2 = pd.date_range("2000-01-01 00:00:01", periods=N, freq="s")._data

def workload():
    global arr1, arr2
    arr1 < arr2

runtimes = timeit.repeat(workload, number=10, repeat=25, setup=setup)
print("Mean:", statistics.mean(runtimes))
print("Std Dev:", statistics.stdev(runtimes))



ğŸ¯ FINAL PERFORMANCE:
  Final Code on Baseline Workload:  2.633422s (+28.18%)
  Final Code on Final Workload:     2.599433s



â±ï¸  EXECUTION SUMMARY:
  Start Time:    2026-01-29 08:35:44
  End Time:      2026-01-29 08:51:41
  Duration:      0:15:56.911540



====================================================================================================
END OF LOG====================================================================================================

